{
	"code": "EPROTO",
	"errno": "EPROTO",
	"syscall": "write",
	"config": {
		"transformRequest": {},
		"transformResponse": {},
		"timeout": 0,
		"xsrfCookieName": "XSRF-TOKEN",
		"xsrfHeaderName": "X-XSRF-TOKEN",
		"maxContentLength": -1,
		"headers": {
			"Accept": "application/json, text/plain, */*",
			"Content-Type": "application/x-www-form-urlencoded",
			"User-Agent": "google-api-nodejs-client/1.6.1",
			"Content-Length": 280,
			"host": "www.googleapis.com"
		},
		"method": "post",
		"url": "https://www.googleapis.com/oauth2/v4/token",
		"data": "code=4%2FNABjjavLrPrtFDykpbiHQHeXuRz_BE6GgwplvZCYi-PA6WpK89Bv1Ug&client_id=298631697065-j2gg0nmhfdratglmrf3oeaecvg60nu7b.apps.googleusercontent.com&client_secret=L3TJyH2uQ_pGxZkEi24dQQxl&redirect_uri=urn%3Aietf%3Awg%3Aoauth%3A2.0%3Aoob&grant_type=authorization_code&code_verifier="
	},
	"request": {
		"_writableState": {
			"objectMode": false,
			"highWaterMark": 16384,
			"finalCalled": false,
			"needDrain": false,
			"ending": false,
			"ended": false,
			"finished": false,
			"destroyed": false,
			"decodeStrings": true,
			"defaultEncoding": "utf8",
			"length": 0,
			"writing": false,
			"corked": 0,
			"sync": true,
			"bufferProcessing": false,
			"writecb": null,
			"writelen": 0,
			"bufferedRequest": null,
			"lastBufferedRequest": null,
			"pendingcb": 0,
			"prefinished": false,
			"errorEmitted": false,
			"bufferedRequestCount": 0,
			"corkedRequestsFree": {
				"next": null,
				"entry": null
			}
		},
		"writable": true,
		"domain": null,
		"_events": {},
		"_eventsCount": 2,
		"_options": {
			"protocol": "https:",
			"maxRedirects": 21,
			"maxBodyLength": 10485760,
			"path": "https://www.googleapis.com/oauth2/v4/token",
			"method": "post",
			"headers": "~config~headers",
			"hostname": "proxy.sa2.gameloft.org",
			"port": "3128",
			"host": "proxy.sa2.gameloft.org",
			"nativeProtocols": {
				"http:": {
					"METHODS": ["ACL", "BIND", "CHECKOUT", "CONNECT", "COPY", "DELETE", "GET", "HEAD", "LINK", "LOCK", "M-SEARCH", "MERGE", "MKACTIVITY", "MKCALENDAR", "MKCOL", "MOVE", "NOTIFY", "OPTIONS", "PATCH", "POST", "PROPFIND", "PROPPATCH", "PURGE", "PUT", "REBIND", "REPORT", "SEARCH", "SOURCE", "SUBSCRIBE", "TRACE", "UNBIND", "UNLINK", "UNLOCK", "UNSUBSCRIBE"],
					"STATUS_CODES": {
						"100": "Continue",
						"101": "Switching Protocols",
						"102": "Processing",
						"200": "OK",
						"201": "Created",
						"202": "Accepted",
						"203": "Non-Authoritative Information",
						"204": "No Content",
						"205": "Reset Content",
						"206": "Partial Content",
						"207": "Multi-Status",
						"208": "Already Reported",
						"226": "IM Used",
						"300": "Multiple Choices",
						"301": "Moved Permanently",
						"302": "Found",
						"303": "See Other",
						"304": "Not Modified",
						"305": "Use Proxy",
						"307": "Temporary Redirect",
						"308": "Permanent Redirect",
						"400": "Bad Request",
						"401": "Unauthorized",
						"402": "Payment Required",
						"403": "Forbidden",
						"404": "Not Found",
						"405": "Method Not Allowed",
						"406": "Not Acceptable",
						"407": "Proxy Authentication Required",
						"408": "Request Timeout",
						"409": "Conflict",
						"410": "Gone",
						"411": "Length Required",
						"412": "Precondition Failed",
						"413": "Payload Too Large",
						"414": "URI Too Long",
						"415": "Unsupported Media Type",
						"416": "Range Not Satisfiable",
						"417": "Expectation Failed",
						"418": "I'm a teapot",
						"421": "Misdirected Request",
						"422": "Unprocessable Entity",
						"423": "Locked",
						"424": "Failed Dependency",
						"425": "Unordered Collection",
						"426": "Upgrade Required",
						"428": "Precondition Required",
						"429": "Too Many Requests",
						"431": "Request Header Fields Too Large",
						"451": "Unavailable For Legal Reasons",
						"500": "Internal Server Error",
						"501": "Not Implemented",
						"502": "Bad Gateway",
						"503": "Service Unavailable",
						"504": "Gateway Timeout",
						"505": "HTTP Version Not Supported",
						"506": "Variant Also Negotiates",
						"507": "Insufficient Storage",
						"508": "Loop Detected",
						"509": "Bandwidth Limit Exceeded",
						"510": "Not Extended",
						"511": "Network Authentication Required"
					},
					"globalAgent": {
						"domain": null,
						"_events": {},
						"_eventsCount": 1,
						"defaultPort": 80,
						"protocol": "http:",
						"options": {
							"path": null
						},
						"requests": {},
						"sockets": {},
						"freeSockets": {},
						"keepAliveMsecs": 1000,
						"keepAlive": false,
						"maxSockets": null,
						"maxFreeSockets": 256
					}
				},
				"https:": {
					"globalAgent": {
						"domain": null,
						"_events": {},
						"_eventsCount": 1,
						"defaultPort": 443,
						"protocol": "https:",
						"options": {
							"path": null
						},
						"requests": {},
						"sockets": {
							"proxy.sa2.gameloft.org:3128::::::::www.googleapis.com:": [{
									"_tlsOptions": {
										"pipe": false,
										"secureContext": {
											"context": {},
											"singleUse": true
										},
										"isServer": false,
										"requestCert": true,
										"rejectUnauthorized": true
									},
									"_secureEstablished": false,
									"_securePending": false,
									"_newSessionPending": false,
									"_controlReleased": true,
									"_SNICallback": null,
									"servername": null,
									"npnProtocol": null,
									"alpnProtocol": null,
									"authorized": false,
									"authorizationError": null,
									"encrypted": true,
									"_events": {
										"close": [null, null, null, null],
										"end": [null, null]
									},
									"_eventsCount": 10,
									"connecting": false,
									"_hadError": true,
									"_handle": null,
									"_parent": null,
									"_host": "proxy.sa2.gameloft.org",
									"_readableState": {
										"objectMode": false,
										"highWaterMark": 16384,
										"buffer": {
											"head": null,
											"tail": null,
											"length": 0
										},
										"length": 0,
										"pipes": null,
										"pipesCount": 0,
										"flowing": true,
										"ended": false,
										"endEmitted": false,
										"reading": true,
										"sync": false,
										"needReadable": true,
										"emittedReadable": false,
										"readableListening": false,
										"resumeScheduled": false,
										"destroyed": true,
										"defaultEncoding": "utf8",
										"awaitDrain": 0,
										"readingMore": false,
										"decoder": null,
										"encoding": null
									},
									"readable": false,
									"domain": null,
									"_writableState": {
										"objectMode": false,
										"highWaterMark": 16384,
										"finalCalled": false,
										"needDrain": false,
										"ending": false,
										"ended": false,
										"finished": false,
										"destroyed": true,
										"decodeStrings": false,
										"defaultEncoding": "utf8",
										"length": 0,
										"writing": false,
										"corked": 0,
										"sync": false,
										"bufferProcessing": false,
										"writecb": null,
										"writelen": 0,
										"bufferedRequest": null,
										"lastBufferedRequest": null,
										"pendingcb": 0,
										"prefinished": false,
										"errorEmitted": true,
										"bufferedRequestCount": 0,
										"corkedRequestsFree": {
											"next": {
												"next": null,
												"entry": null
											},
											"entry": null
										}
									},
									"writable": false,
									"allowHalfOpen": false,
									"_bytesDispatched": 542,
									"_sockname": null,
									"_pendingData": null,
									"_pendingEncoding": "",
									"_server": null,
									"ssl": null,
									"_requestCert": true,
									"_rejectUnauthorized": true,
									"parser": null,
									"_httpMessage": {
										"domain": null,
										"_events": {},
										"_eventsCount": 6,
										"output": [],
										"outputEncodings": [],
										"outputCallbacks": [],
										"outputSize": 0,
										"writable": true,
										"_last": true,
										"upgrading": false,
										"chunkedEncoding": false,
										"shouldKeepAlive": false,
										"useChunkedEncodingByDefault": true,
										"sendDate": false,
										"_removedConnection": false,
										"_removedContLen": false,
										"_removedTE": false,
										"_contentLength": null,
										"_hasBody": true,
										"_trailer": "",
										"finished": true,
										"_headerSent": true,
										"socket": "~request~_options~nativeProtocols~https:~globalAgent~sockets~proxy.sa2.gameloft.org:3128::::::::www.googleapis.com:~0",
										"connection": "~request~_options~nativeProtocols~https:~globalAgent~sockets~proxy.sa2.gameloft.org:3128::::::::www.googleapis.com:~0",
										"_header": "POST https://www.googleapis.com/oauth2/v4/token HTTP/1.1\r\nAccept: application/json, text/plain, */*\r\nContent-Type: application/x-www-form-urlencoded\r\nUser-Agent: google-api-nodejs-client/1.6.1\r\nContent-Length: 280\r\nhost: www.googleapis.com\r\nConnection: close\r\n\r\n",
										"agent": "~request~_options~nativeProtocols~https:~globalAgent",
										"method": "POST",
										"path": "https://www.googleapis.com/oauth2/v4/token",
										"_ended": false,
										"res": null,
										"timeoutCb": null,
										"upgradeOrConnect": false,
										"parser": null,
										"maxHeadersCount": null,
										"_redirectable": "~request"
									},
									"_idleNext": null,
									"_idlePrev": null,
									"_idleTimeout": -1
								}
							]
						},
						"freeSockets": {},
						"keepAliveMsecs": 1000,
						"keepAlive": false,
						"maxSockets": null,
						"maxFreeSockets": 256,
						"maxCachedSessions": 100,
						"_sessionCache": {
							"map": {},
							"list": []
						}
					}
				}
			},
			"pathname": "https://www.googleapis.com/oauth2/v4/token"
		},
		"_redirectCount": 0,
		"_redirects": [],
		"_requestBodyLength": 280,
		"_requestBodyBuffers": [{
				"data": {
					"type": "Buffer",
					"data": [99, 111, 100, 101, 61, 52, 37, 50, 70, 78, 65, 66, 106, 106, 97, 118, 76, 114, 80, 114, 116, 70, 68, 121, 107, 112, 98, 105, 72, 81, 72, 101, 88, 117, 82, 122, 95, 66, 69, 54, 71, 103, 119, 112, 108, 118, 90, 67, 89, 105, 45, 80, 65, 54, 87, 112, 75, 56, 57, 66, 118, 49, 85, 103, 38, 99, 108, 105, 101, 110, 116, 95, 105, 100, 61, 50, 57, 56, 54, 51, 49, 54, 57, 55, 48, 54, 53, 45, 106, 50, 103, 103, 48, 110, 109, 104, 102, 100, 114, 97, 116, 103, 108, 109, 114, 102, 51, 111, 101, 97, 101, 99, 118, 103, 54, 48, 110, 117, 55, 98, 46, 97, 112, 112, 115, 46, 103, 111, 111, 103, 108, 101, 117, 115, 101, 114, 99, 111, 110, 116, 101, 110, 116, 46, 99, 111, 109, 38, 99, 108, 105, 101, 110, 116, 95, 115, 101, 99, 114, 101, 116, 61, 76, 51, 84, 74, 121, 72, 50, 117, 81, 95, 112, 71, 120, 90, 107, 69, 105, 50, 52, 100, 81, 81, 120, 108, 38, 114, 101, 100, 105, 114, 101, 99, 116, 95, 117, 114, 105, 61, 117, 114, 110, 37, 51, 65, 105, 101, 116, 102, 37, 51, 65, 119, 103, 37, 51, 65, 111, 97, 117, 116, 104, 37, 51, 65, 50, 46, 48, 37, 51, 65, 111, 111, 98, 38, 103, 114, 97, 110, 116, 95, 116, 121, 112, 101, 61, 97, 117, 116, 104, 111, 114, 105, 122, 97, 116, 105, 111, 110, 95, 99, 111, 100, 101, 38, 99, 111, 100, 101, 95, 118, 101, 114, 105, 102, 105, 101, 114, 61]
				}
			}
		],
		"_currentRequest": "~request~_options~nativeProtocols~https:~globalAgent~sockets~proxy.sa2.gameloft.org:3128::::::::www.googleapis.com:~0~_httpMessage",
		"_currentUrl": "https://proxy.sa2.gameloft.org/https://www.googleapis.com/oauth2/v4/token"
	}
}